-------------------------------------------------------------------------------
Test set: com.nwm.coauthor.service.endpoint.NewFriendsTest
-------------------------------------------------------------------------------
Tests run: 12, Failures: 0, Errors: 12, Skipped: 0, Time elapsed: 0.001 sec <<< FAILURE!
zeroLengthRequest(com.nwm.coauthor.service.endpoint.NewFriendsTest)  Time elapsed: 0 sec  <<< ERROR!
java.lang.NoClassDefFoundError: Could not initialize class com.nwm.coauthor.service.client.StoryClient
	at com.nwm.coauthor.service.endpoint.BaseTest.<init>(BaseTest.java:7)
	at com.nwm.coauthor.service.endpoint.NewFriendsTest.<init>(NewFriendsTest.java:26)

newFriends_ThenNewFriendGetsStories(com.nwm.coauthor.service.endpoint.NewFriendsTest)  Time elapsed: 0 sec  <<< ERROR!
java.lang.NoClassDefFoundError: Could not initialize class com.nwm.coauthor.service.client.StoryClient
	at com.nwm.coauthor.service.endpoint.BaseTest.<init>(BaseTest.java:7)
	at com.nwm.coauthor.service.endpoint.NewFriendsTest.<init>(NewFriendsTest.java:26)

alreadyAMemberALeader(com.nwm.coauthor.service.endpoint.NewFriendsTest)  Time elapsed: 0 sec  <<< ERROR!
java.lang.NoClassDefFoundError: Could not initialize class com.nwm.coauthor.service.client.StoryClient
	at com.nwm.coauthor.service.endpoint.BaseTest.<init>(BaseTest.java:7)
	at com.nwm.coauthor.service.endpoint.NewFriendsTest.<init>(NewFriendsTest.java:26)

alreadyAMemberAMember(com.nwm.coauthor.service.endpoint.NewFriendsTest)  Time elapsed: 0 sec  <<< ERROR!
java.lang.NoClassDefFoundError: Could not initialize class com.nwm.coauthor.service.client.StoryClient
	at com.nwm.coauthor.service.endpoint.BaseTest.<init>(BaseTest.java:7)
	at com.nwm.coauthor.service.endpoint.NewFriendsTest.<init>(NewFriendsTest.java:26)

alreadyAMemberAMembers(com.nwm.coauthor.service.endpoint.NewFriendsTest)  Time elapsed: 0 sec  <<< ERROR!
java.lang.NoClassDefFoundError: Could not initialize class com.nwm.coauthor.service.client.StoryClient
	at com.nwm.coauthor.service.endpoint.BaseTest.<init>(BaseTest.java:7)
	at com.nwm.coauthor.service.endpoint.NewFriendsTest.<init>(NewFriendsTest.java:26)

newFriend(com.nwm.coauthor.service.endpoint.NewFriendsTest)  Time elapsed: 0 sec  <<< ERROR!
java.lang.NoClassDefFoundError: Could not initialize class com.nwm.coauthor.service.client.StoryClient
	at com.nwm.coauthor.service.endpoint.BaseTest.<init>(BaseTest.java:7)
	at com.nwm.coauthor.service.endpoint.NewFriendsTest.<init>(NewFriendsTest.java:26)

newFriends(com.nwm.coauthor.service.endpoint.NewFriendsTest)  Time elapsed: 0 sec  <<< ERROR!
java.lang.NoClassDefFoundError: Could not initialize class com.nwm.coauthor.service.client.StoryClient
	at com.nwm.coauthor.service.endpoint.BaseTest.<init>(BaseTest.java:7)
	at com.nwm.coauthor.service.endpoint.NewFriendsTest.<init>(NewFriendsTest.java:26)

nonMember(com.nwm.coauthor.service.endpoint.NewFriendsTest)  Time elapsed: 0 sec  <<< ERROR!
java.lang.NoClassDefFoundError: Could not initialize class com.nwm.coauthor.service.client.StoryClient
	at com.nwm.coauthor.service.endpoint.BaseTest.<init>(BaseTest.java:7)
	at com.nwm.coauthor.service.endpoint.NewFriendsTest.<init>(NewFriendsTest.java:26)

nullRequest(com.nwm.coauthor.service.endpoint.NewFriendsTest)  Time elapsed: 0 sec  <<< ERROR!
java.lang.NoClassDefFoundError: Could not initialize class com.nwm.coauthor.service.client.StoryClient
	at com.nwm.coauthor.service.endpoint.BaseTest.<init>(BaseTest.java:7)
	at com.nwm.coauthor.service.endpoint.NewFriendsTest.<init>(NewFriendsTest.java:26)

nullListRequest(com.nwm.coauthor.service.endpoint.NewFriendsTest)  Time elapsed: 0 sec  <<< ERROR!
java.lang.NoClassDefFoundError: Could not initialize class com.nwm.coauthor.service.client.StoryClient
	at com.nwm.coauthor.service.endpoint.BaseTest.<init>(BaseTest.java:7)
	at com.nwm.coauthor.service.endpoint.NewFriendsTest.<init>(NewFriendsTest.java:26)

alreadyAMemberMixed(com.nwm.coauthor.service.endpoint.NewFriendsTest)  Time elapsed: 0 sec  <<< ERROR!
java.lang.NoClassDefFoundError: Could not initialize class com.nwm.coauthor.service.client.StoryClient
	at com.nwm.coauthor.service.endpoint.BaseTest.<init>(BaseTest.java:7)
	at com.nwm.coauthor.service.endpoint.NewFriendsTest.<init>(NewFriendsTest.java:26)

storyNotFound(com.nwm.coauthor.service.endpoint.NewFriendsTest)  Time elapsed: 0 sec  <<< ERROR!
java.lang.NoClassDefFoundError: Could not initialize class com.nwm.coauthor.service.client.StoryClient
	at com.nwm.coauthor.service.endpoint.BaseTest.<init>(BaseTest.java:7)
	at com.nwm.coauthor.service.endpoint.NewFriendsTest.<init>(NewFriendsTest.java:26)

