-------------------------------------------------------------------------------
Test set: com.nwm.coauthor.service.endpoint.NewStoryTest
-------------------------------------------------------------------------------
Tests run: 12, Failures: 0, Errors: 12, Skipped: 0, Time elapsed: 0.001 sec <<< FAILURE!
emptyFbFriends(com.nwm.coauthor.service.endpoint.NewStoryTest)  Time elapsed: 0 sec  <<< ERROR!
java.lang.NoClassDefFoundError: Could not initialize class com.nwm.coauthor.service.client.StoryClient
	at com.nwm.coauthor.service.endpoint.BaseTest.<init>(BaseTest.java:7)
	at com.nwm.coauthor.service.endpoint.NewStoryTest.<init>(NewStoryTest.java:28)

newStorySuccess(com.nwm.coauthor.service.endpoint.NewStoryTest)  Time elapsed: 0 sec  <<< ERROR!
java.lang.NoClassDefFoundError: Could not initialize class com.nwm.coauthor.service.client.StoryClient
	at com.nwm.coauthor.service.endpoint.BaseTest.<init>(BaseTest.java:7)
	at com.nwm.coauthor.service.endpoint.NewStoryTest.<init>(NewStoryTest.java:28)

entryTooBig(com.nwm.coauthor.service.endpoint.NewStoryTest)  Time elapsed: 0 sec  <<< ERROR!
java.lang.NoClassDefFoundError: Could not initialize class com.nwm.coauthor.service.client.StoryClient
	at com.nwm.coauthor.service.endpoint.BaseTest.<init>(BaseTest.java:7)
	at com.nwm.coauthor.service.endpoint.NewStoryTest.<init>(NewStoryTest.java:28)

emptyEntry(com.nwm.coauthor.service.endpoint.NewStoryTest)  Time elapsed: 0 sec  <<< ERROR!
java.lang.NoClassDefFoundError: Could not initialize class com.nwm.coauthor.service.client.StoryClient
	at com.nwm.coauthor.service.endpoint.BaseTest.<init>(BaseTest.java:7)
	at com.nwm.coauthor.service.endpoint.NewStoryTest.<init>(NewStoryTest.java:28)

tooLittleEntry(com.nwm.coauthor.service.endpoint.NewStoryTest)  Time elapsed: 0 sec  <<< ERROR!
java.lang.NoClassDefFoundError: Could not initialize class com.nwm.coauthor.service.client.StoryClient
	at com.nwm.coauthor.service.endpoint.BaseTest.<init>(BaseTest.java:7)
	at com.nwm.coauthor.service.endpoint.NewStoryTest.<init>(NewStoryTest.java:28)

bareRequestBody(com.nwm.coauthor.service.endpoint.NewStoryTest)  Time elapsed: 0 sec  <<< ERROR!
java.lang.NoClassDefFoundError: Could not initialize class com.nwm.coauthor.service.client.StoryClient
	at com.nwm.coauthor.service.endpoint.BaseTest.<init>(BaseTest.java:7)
	at com.nwm.coauthor.service.endpoint.NewStoryTest.<init>(NewStoryTest.java:28)

nullEntry(com.nwm.coauthor.service.endpoint.NewStoryTest)  Time elapsed: 0 sec  <<< ERROR!
java.lang.NoClassDefFoundError: Could not initialize class com.nwm.coauthor.service.client.StoryClient
	at com.nwm.coauthor.service.endpoint.BaseTest.<init>(BaseTest.java:7)
	at com.nwm.coauthor.service.endpoint.NewStoryTest.<init>(NewStoryTest.java:28)

nullCoAuthorToken(com.nwm.coauthor.service.endpoint.NewStoryTest)  Time elapsed: 0 sec  <<< ERROR!
java.lang.NoClassDefFoundError: Could not initialize class com.nwm.coauthor.service.client.StoryClient
	at com.nwm.coauthor.service.endpoint.BaseTest.<init>(BaseTest.java:7)
	at com.nwm.coauthor.service.endpoint.NewStoryTest.<init>(NewStoryTest.java:28)

nullRequestBody(com.nwm.coauthor.service.endpoint.NewStoryTest)  Time elapsed: 0 sec  <<< ERROR!
java.lang.NoClassDefFoundError: Could not initialize class com.nwm.coauthor.service.client.StoryClient
	at com.nwm.coauthor.service.endpoint.BaseTest.<init>(BaseTest.java:7)
	at com.nwm.coauthor.service.endpoint.NewStoryTest.<init>(NewStoryTest.java:28)

emptyCoAuthorToken(com.nwm.coauthor.service.endpoint.NewStoryTest)  Time elapsed: 0 sec  <<< ERROR!
java.lang.NoClassDefFoundError: Could not initialize class com.nwm.coauthor.service.client.StoryClient
	at com.nwm.coauthor.service.endpoint.BaseTest.<init>(BaseTest.java:7)
	at com.nwm.coauthor.service.endpoint.NewStoryTest.<init>(NewStoryTest.java:28)

nullFbFriends(com.nwm.coauthor.service.endpoint.NewStoryTest)  Time elapsed: 0 sec  <<< ERROR!
java.lang.NoClassDefFoundError: Could not initialize class com.nwm.coauthor.service.client.StoryClient
	at com.nwm.coauthor.service.endpoint.BaseTest.<init>(BaseTest.java:7)
	at com.nwm.coauthor.service.endpoint.NewStoryTest.<init>(NewStoryTest.java:28)

titleTooLong(com.nwm.coauthor.service.endpoint.NewStoryTest)  Time elapsed: 0 sec  <<< ERROR!
java.lang.NoClassDefFoundError: Could not initialize class com.nwm.coauthor.service.client.StoryClient
	at com.nwm.coauthor.service.endpoint.BaseTest.<init>(BaseTest.java:7)
	at com.nwm.coauthor.service.endpoint.NewStoryTest.<init>(NewStoryTest.java:28)

