-------------------------------------------------------------------------------
Test set: com.nwm.coauthor.service.endpoint.RateStoryTest
-------------------------------------------------------------------------------
Tests run: 8, Failures: 0, Errors: 6, Skipped: 2, Time elapsed: 0 sec <<< FAILURE!
memberOrLeaderMember(com.nwm.coauthor.service.endpoint.RateStoryTest)  Time elapsed: 0.005 sec  <<< ERROR!
java.lang.NoClassDefFoundError: Could not initialize class com.nwm.coauthor.service.client.StoryClient
	at com.nwm.coauthor.service.endpoint.BaseTest.<init>(BaseTest.java:7)
	at com.nwm.coauthor.service.endpoint.RateStoryTest.<init>(RateStoryTest.java:22)

alreadyRated(com.nwm.coauthor.service.endpoint.RateStoryTest)  Time elapsed: 0 sec  <<< ERROR!
java.lang.NoClassDefFoundError: Could not initialize class com.nwm.coauthor.service.client.StoryClient
	at com.nwm.coauthor.service.endpoint.BaseTest.<init>(BaseTest.java:7)
	at com.nwm.coauthor.service.endpoint.RateStoryTest.<init>(RateStoryTest.java:22)

rateStory(com.nwm.coauthor.service.endpoint.RateStoryTest)  Time elapsed: 0 sec  <<< ERROR!
java.lang.NoClassDefFoundError: Could not initialize class com.nwm.coauthor.service.client.StoryClient
	at com.nwm.coauthor.service.endpoint.BaseTest.<init>(BaseTest.java:7)
	at com.nwm.coauthor.service.endpoint.RateStoryTest.<init>(RateStoryTest.java:22)

lessThanMinRating(com.nwm.coauthor.service.endpoint.RateStoryTest)  Time elapsed: 0 sec  <<< ERROR!
java.lang.NoClassDefFoundError: Could not initialize class com.nwm.coauthor.service.client.StoryClient
	at com.nwm.coauthor.service.endpoint.BaseTest.<init>(BaseTest.java:7)
	at com.nwm.coauthor.service.endpoint.RateStoryTest.<init>(RateStoryTest.java:22)

moreThanMaxRating(com.nwm.coauthor.service.endpoint.RateStoryTest)  Time elapsed: 0 sec  <<< ERROR!
java.lang.NoClassDefFoundError: Could not initialize class com.nwm.coauthor.service.client.StoryClient
	at com.nwm.coauthor.service.endpoint.BaseTest.<init>(BaseTest.java:7)
	at com.nwm.coauthor.service.endpoint.RateStoryTest.<init>(RateStoryTest.java:22)

storyNotFound(com.nwm.coauthor.service.endpoint.RateStoryTest)  Time elapsed: 0 sec  <<< ERROR!
java.lang.NoClassDefFoundError: Could not initialize class com.nwm.coauthor.service.client.StoryClient
	at com.nwm.coauthor.service.endpoint.BaseTest.<init>(BaseTest.java:7)
	at com.nwm.coauthor.service.endpoint.RateStoryTest.<init>(RateStoryTest.java:22)

