-------------------------------------------------------------------------------
Test set: com.nwm.coauthor.service.endpoint.ChangeTitleTest
-------------------------------------------------------------------------------
Tests run: 8, Failures: 0, Errors: 8, Skipped: 0, Time elapsed: 0.009 sec <<< FAILURE!
changeTitle(com.nwm.coauthor.service.endpoint.ChangeTitleTest)  Time elapsed: 0 sec  <<< ERROR!
java.lang.NoClassDefFoundError: android/os/Build$VERSION
	at java.net.URLClassLoader$1.run(URLClassLoader.java:366)
	at java.net.URLClassLoader$1.run(URLClassLoader.java:355)
	at java.security.AccessController.doPrivileged(Native Method)
	at java.net.URLClassLoader.findClass(URLClassLoader.java:354)
	at java.lang.ClassLoader.loadClass(ClassLoader.java:423)
	at sun.misc.Launcher$AppClassLoader.loadClass(Launcher.java:308)
	at java.lang.ClassLoader.loadClass(ClassLoader.java:356)
	at org.springframework.http.client.support.HttpAccessor.<init>(HttpAccessor.java:52)
	at org.springframework.http.client.support.InterceptingHttpAccessor.<init>(InterceptingHttpAccessor.java:35)
	at org.springframework.web.client.RestTemplate.<init>(RestTemplate.java:169)
	at org.springframework.web.client.RestTemplate.<init>(RestTemplate.java:158)
	at com.nwm.coauthor.service.client.BaseClient.<init>(BaseClient.java:26)
	at com.nwm.coauthor.service.client.StoryClient.<init>(StoryClient.java:47)
	at com.nwm.coauthor.service.client.StoryClient.<clinit>(StoryClient.java:50)
	at com.nwm.coauthor.service.endpoint.BaseTest.<init>(BaseTest.java:7)
	at com.nwm.coauthor.service.endpoint.ChangeTitleTest.<init>(ChangeTitleTest.java:25)

emptyTitle(com.nwm.coauthor.service.endpoint.ChangeTitleTest)  Time elapsed: 0 sec  <<< ERROR!
java.lang.NoClassDefFoundError: Could not initialize class com.nwm.coauthor.service.client.StoryClient
	at com.nwm.coauthor.service.endpoint.BaseTest.<init>(BaseTest.java:7)
	at com.nwm.coauthor.service.endpoint.ChangeTitleTest.<init>(ChangeTitleTest.java:25)

nonExistantStory(com.nwm.coauthor.service.endpoint.ChangeTitleTest)  Time elapsed: 0 sec  <<< ERROR!
java.lang.NoClassDefFoundError: Could not initialize class com.nwm.coauthor.service.client.StoryClient
	at com.nwm.coauthor.service.endpoint.BaseTest.<init>(BaseTest.java:7)
	at com.nwm.coauthor.service.endpoint.ChangeTitleTest.<init>(ChangeTitleTest.java:25)

andPublish(com.nwm.coauthor.service.endpoint.ChangeTitleTest)  Time elapsed: 0 sec  <<< ERROR!
java.lang.NoClassDefFoundError: Could not initialize class com.nwm.coauthor.service.client.StoryClient
	at com.nwm.coauthor.service.endpoint.BaseTest.<init>(BaseTest.java:7)
	at com.nwm.coauthor.service.endpoint.ChangeTitleTest.<init>(ChangeTitleTest.java:25)

justAMember(com.nwm.coauthor.service.endpoint.ChangeTitleTest)  Time elapsed: 0 sec  <<< ERROR!
java.lang.NoClassDefFoundError: Could not initialize class com.nwm.coauthor.service.client.StoryClient
	at com.nwm.coauthor.service.endpoint.BaseTest.<init>(BaseTest.java:7)
	at com.nwm.coauthor.service.endpoint.ChangeTitleTest.<init>(ChangeTitleTest.java:25)

nullTitle(com.nwm.coauthor.service.endpoint.ChangeTitleTest)  Time elapsed: 0 sec  <<< ERROR!
java.lang.NoClassDefFoundError: Could not initialize class com.nwm.coauthor.service.client.StoryClient
	at com.nwm.coauthor.service.endpoint.BaseTest.<init>(BaseTest.java:7)
	at com.nwm.coauthor.service.endpoint.ChangeTitleTest.<init>(ChangeTitleTest.java:25)

alreadyPublished(com.nwm.coauthor.service.endpoint.ChangeTitleTest)  Time elapsed: 0 sec  <<< ERROR!
java.lang.NoClassDefFoundError: Could not initialize class com.nwm.coauthor.service.client.StoryClient
	at com.nwm.coauthor.service.endpoint.BaseTest.<init>(BaseTest.java:7)
	at com.nwm.coauthor.service.endpoint.ChangeTitleTest.<init>(ChangeTitleTest.java:25)

notAMember(com.nwm.coauthor.service.endpoint.ChangeTitleTest)  Time elapsed: 0 sec  <<< ERROR!
java.lang.NoClassDefFoundError: Could not initialize class com.nwm.coauthor.service.client.StoryClient
	at com.nwm.coauthor.service.endpoint.BaseTest.<init>(BaseTest.java:7)
	at com.nwm.coauthor.service.endpoint.ChangeTitleTest.<init>(ChangeTitleTest.java:25)

