<?xml version="1.0" encoding="UTF-8" ?>
<testsuite failures="0" time="0" errors="12" skipped="0" tests="12" name="com.nwm.coauthor.service.endpoint.NewFriendsTest">
  <properties>
[...]
</properties>
  <testcase time="0" classname="com.nwm.coauthor.service.endpoint.NewFriendsTest" name="zeroLengthRequest">
    <error message="Could not initialize class com.nwm.coauthor.service.client.StoryClient" type="java.lang.NoClassDefFoundError">java.lang.NoClassDefFoundError: Could not initialize class com.nwm.coauthor.service.client.StoryClient
	at com.nwm.coauthor.service.endpoint.BaseTest.&lt;init&gt;(BaseTest.java:7)
	at com.nwm.coauthor.service.endpoint.NewFriendsTest.&lt;init&gt;(NewFriendsTest.java:26)
</error>
  </testcase>
  <testcase time="0" classname="com.nwm.coauthor.service.endpoint.NewFriendsTest" name="newFriends_ThenNewFriendGetsStories">
    <error message="Could not initialize class com.nwm.coauthor.service.client.StoryClient" type="java.lang.NoClassDefFoundError">java.lang.NoClassDefFoundError: Could not initialize class com.nwm.coauthor.service.client.StoryClient
	at com.nwm.coauthor.service.endpoint.BaseTest.&lt;init&gt;(BaseTest.java:7)
	at com.nwm.coauthor.service.endpoint.NewFriendsTest.&lt;init&gt;(NewFriendsTest.java:26)
</error>
  </testcase>
  <testcase time="0" classname="com.nwm.coauthor.service.endpoint.NewFriendsTest" name="alreadyAMemberALeader">
    <error message="Could not initialize class com.nwm.coauthor.service.client.StoryClient" type="java.lang.NoClassDefFoundError">java.lang.NoClassDefFoundError: Could not initialize class com.nwm.coauthor.service.client.StoryClient
	at com.nwm.coauthor.service.endpoint.BaseTest.&lt;init&gt;(BaseTest.java:7)
	at com.nwm.coauthor.service.endpoint.NewFriendsTest.&lt;init&gt;(NewFriendsTest.java:26)
</error>
  </testcase>
  <testcase time="0" classname="com.nwm.coauthor.service.endpoint.NewFriendsTest" name="alreadyAMemberAMember">
    <error message="Could not initialize class com.nwm.coauthor.service.client.StoryClient" type="java.lang.NoClassDefFoundError">java.lang.NoClassDefFoundError: Could not initialize class com.nwm.coauthor.service.client.StoryClient
	at com.nwm.coauthor.service.endpoint.BaseTest.&lt;init&gt;(BaseTest.java:7)
	at com.nwm.coauthor.service.endpoint.NewFriendsTest.&lt;init&gt;(NewFriendsTest.java:26)
</error>
  </testcase>
  <testcase time="0" classname="com.nwm.coauthor.service.endpoint.NewFriendsTest" name="alreadyAMemberAMembers">
    <error message="Could not initialize class com.nwm.coauthor.service.client.StoryClient" type="java.lang.NoClassDefFoundError">java.lang.NoClassDefFoundError: Could not initialize class com.nwm.coauthor.service.client.StoryClient
	at com.nwm.coauthor.service.endpoint.BaseTest.&lt;init&gt;(BaseTest.java:7)
	at com.nwm.coauthor.service.endpoint.NewFriendsTest.&lt;init&gt;(NewFriendsTest.java:26)
</error>
  </testcase>
  <testcase time="0" classname="com.nwm.coauthor.service.endpoint.NewFriendsTest" name="newFriend">
    <error message="Could not initialize class com.nwm.coauthor.service.client.StoryClient" type="java.lang.NoClassDefFoundError">java.lang.NoClassDefFoundError: Could not initialize class com.nwm.coauthor.service.client.StoryClient
	at com.nwm.coauthor.service.endpoint.BaseTest.&lt;init&gt;(BaseTest.java:7)
	at com.nwm.coauthor.service.endpoint.NewFriendsTest.&lt;init&gt;(NewFriendsTest.java:26)
</error>
  </testcase>
  <testcase time="0" classname="com.nwm.coauthor.service.endpoint.NewFriendsTest" name="newFriends">
    <error message="Could not initialize class com.nwm.coauthor.service.client.StoryClient" type="java.lang.NoClassDefFoundError">java.lang.NoClassDefFoundError: Could not initialize class com.nwm.coauthor.service.client.StoryClient
	at com.nwm.coauthor.service.endpoint.BaseTest.&lt;init&gt;(BaseTest.java:7)
	at com.nwm.coauthor.service.endpoint.NewFriendsTest.&lt;init&gt;(NewFriendsTest.java:26)
</error>
  </testcase>
  <testcase time="0" classname="com.nwm.coauthor.service.endpoint.NewFriendsTest" name="nonMember">
    <error message="Could not initialize class com.nwm.coauthor.service.client.StoryClient" type="java.lang.NoClassDefFoundError">java.lang.NoClassDefFoundError: Could not initialize class com.nwm.coauthor.service.client.StoryClient
	at com.nwm.coauthor.service.endpoint.BaseTest.&lt;init&gt;(BaseTest.java:7)
	at com.nwm.coauthor.service.endpoint.NewFriendsTest.&lt;init&gt;(NewFriendsTest.java:26)
</error>
  </testcase>
  <testcase time="0" classname="com.nwm.coauthor.service.endpoint.NewFriendsTest" name="nullRequest">
    <error message="Could not initialize class com.nwm.coauthor.service.client.StoryClient" type="java.lang.NoClassDefFoundError">java.lang.NoClassDefFoundError: Could not initialize class com.nwm.coauthor.service.client.StoryClient
	at com.nwm.coauthor.service.endpoint.BaseTest.&lt;init&gt;(BaseTest.java:7)
	at com.nwm.coauthor.service.endpoint.NewFriendsTest.&lt;init&gt;(NewFriendsTest.java:26)
</error>
  </testcase>
  <testcase time="0" classname="com.nwm.coauthor.service.endpoint.NewFriendsTest" name="nullListRequest">
    <error message="Could not initialize class com.nwm.coauthor.service.client.StoryClient" type="java.lang.NoClassDefFoundError">java.lang.NoClassDefFoundError: Could not initialize class com.nwm.coauthor.service.client.StoryClient
	at com.nwm.coauthor.service.endpoint.BaseTest.&lt;init&gt;(BaseTest.java:7)
	at com.nwm.coauthor.service.endpoint.NewFriendsTest.&lt;init&gt;(NewFriendsTest.java:26)
</error>
  </testcase>
  <testcase time="0" classname="com.nwm.coauthor.service.endpoint.NewFriendsTest" name="alreadyAMemberMixed">
    <error message="Could not initialize class com.nwm.coauthor.service.client.StoryClient" type="java.lang.NoClassDefFoundError">java.lang.NoClassDefFoundError: Could not initialize class com.nwm.coauthor.service.client.StoryClient
	at com.nwm.coauthor.service.endpoint.BaseTest.&lt;init&gt;(BaseTest.java:7)
	at com.nwm.coauthor.service.endpoint.NewFriendsTest.&lt;init&gt;(NewFriendsTest.java:26)
</error>
  </testcase>
  <testcase time="0" classname="com.nwm.coauthor.service.endpoint.NewFriendsTest" name="storyNotFound">
    <error message="Could not initialize class com.nwm.coauthor.service.client.StoryClient" type="java.lang.NoClassDefFoundError">java.lang.NoClassDefFoundError: Could not initialize class com.nwm.coauthor.service.client.StoryClient
	at com.nwm.coauthor.service.endpoint.BaseTest.&lt;init&gt;(BaseTest.java:7)
	at com.nwm.coauthor.service.endpoint.NewFriendsTest.&lt;init&gt;(NewFriendsTest.java:26)
</error>
  </testcase>
</testsuite>